2025-12-01T18:10:47.248Z INFO Closing entire Pythagora extension...
2025-12-01T18:10:47.264Z ERROR Error closing extension
Error: Canceled
Stack: Canceled: Canceled
	at new ij (file:///c:/Users/Aditya%20Mishra/AppData/Local/Programs/Microsoft%20VS%20Code/resources/app/out/vs/workbench/api/node/extensionHostProcess.js:29:120021)
	at JS.U (file:///c:/Users/Aditya%20Mishra/AppData/Local/Programs/Microsoft%20VS%20Code/resources/app/out/vs/workbench/api/node/extensionHostProcess.js:29:124631)
	at s.<computed>.n.charCodeAt.s.<computed> (file:///c:/Users/Aditya%20Mishra/AppData/Local/Programs/Microsoft%20VS%20Code/resources/app/out/vs/workbench/api/node/extensionHostProcess.js:29:122125)
	at Zy.g (file:///c:/Users/Aditya%20Mishra/AppData/Local/Programs/Microsoft%20VS%20Code/resources/app/out/vs/workbench/api/node/extensionHostProcess.js:114:41133)
	at Zy.executeCommand (file:///c:/Users/Aditya%20Mishra/AppData/Local/Programs/Microsoft%20VS%20Code/resources/app/out/vs/workbench/api/node/extensionHostProcess.js:114:40637)
	at Object.executeCommand (file:///c:/Users/Aditya%20Mishra/AppData/Local/Programs/Microsoft%20VS%20Code/resources/app/out/vs/workbench/api/node/extensionHostProcess.js:210:101000)
	at closeEntirePythagoraExtension (c:\Users\Aditya Mishra\.vscode\extensions\pythagoratechnologies.pythagora-vs-code-2.6.10\out\extension.js:560:31)
	at Object.deactivate (c:\Users\Aditya Mishra\.vscode\extensions\pythagoratechnologies.pythagora-vs-code-2.6.10\out\extension.js:427:15)
	at kX.eb (file:///c:/Users/Aditya%20Mishra/AppData/Local/Programs/Microsoft%20VS%20Code/resources/app/out/vs/workbench/api/node/extensionHostProcess.js:118:11850)
	at file:///c:/Users/Aditya%20Mishra/AppData/Local/Programs/Microsoft%20VS%20Code/resources/app/out/vs/workbench/api/node/extensionHostProcess.js:118:10000
	at Array.map (<anonymous>)
	at kX.$ (file:///c:/Users/Aditya%20Mishra/AppData/Local/Programs/Microsoft%20VS%20Code/resources/app/out/vs/workbench/api/node/extensionHostProcess.js:118:9988)
	at kX.terminate (file:///c:/Users/Aditya%20Mishra/AppData/Local/Programs/Microsoft%20VS%20Code/resources/app/out/vs/workbench/api/node/extensionHostProcess.js:118:10231)
	at nN.terminate (file:///c:/Users/Aditya%20Mishra/AppData/Local/Programs/Microsoft%20VS%20Code/resources/app/out/vs/workbench/api/node/extensionHostProcess.js:120:914)
	at Fs (file:///c:/Users/Aditya%20Mishra/AppData/Local/Programs/Microsoft%20VS%20Code/resources/app/out/vs/workbench/api/node/extensionHostProcess.js:402:10411)
	at MessagePortMain.<anonymous> (file:///c:/Users/Aditya%20Mishra/AppData/Local/Programs/Microsoft%20VS%20Code/resources/app/out/vs/workbench/api/node/extensionHostProcess.js:402:6949)
	at MessagePortMain.emit (node:events:519:28)
	at MessagePortMain._internalPort.emit (node:electron/js2c/utility_init:2:2949)
Extra context: {
  "message": "Canceled"
}
2025-12-01T18:11:04.441Z INFO SharedStateManager initialized
2025-12-01T18:11:04.443Z INFO Is remote: false
2025-12-01T18:11:04.444Z INFO Starting Local. Installation path: c:\
2025-12-01T18:11:04.445Z INFO [MainProvider] Creating new MainProvider instance...
2025-12-01T18:11:04.446Z INFO [TabsManager] Code view listener set up at initialization
2025-12-01T18:11:04.447Z INFO Installation path exists: c:\
2025-12-01T18:11:04.448Z INFO Initializing database with URL: file:c:\pythagora-core\data\database\pythagora.db
2025-12-01T18:11:04.457Z INFO Database file exists, skipping prisma generate/push for faster startup
2025-12-01T18:11:04.458Z INFO Database initialized successfully
2025-12-01T18:11:04.459Z INFO [Migration] Checking for database migration...
2025-12-01T18:11:04.485Z INFO [TabsManager] First file opened, triggering split view
2025-12-01T18:11:04.485Z INFO [MainProvider] First file opened, creating split view
2025-12-01T18:11:04.632Z INFO [Migration] No migration needed
2025-12-01T18:11:05.060Z INFO [TabsManager] First file opened, triggering split view
2025-12-01T18:11:05.061Z INFO [MainProvider] First file opened, creating split view
2025-12-04T14:03:50.169Z INFO SharedStateManager initialized
2025-12-04T14:03:50.171Z INFO Is remote: false
2025-12-04T14:03:50.172Z INFO Starting Local. Installation path: c:\
2025-12-04T14:03:50.173Z INFO [MainProvider] Creating new MainProvider instance...
2025-12-04T14:03:50.174Z INFO [TabsManager] Code view listener set up at initialization
2025-12-04T14:03:50.175Z INFO Installation path exists: c:\
2025-12-04T14:03:50.176Z INFO Initializing database with URL: file:c:\pythagora-core\data\database\pythagora.db
2025-12-04T14:03:50.181Z INFO Database file exists, skipping prisma generate/push for faster startup
2025-12-04T14:03:50.181Z INFO Database initialized successfully
2025-12-04T14:03:50.182Z INFO [Migration] Checking for database migration...
2025-12-04T14:03:50.373Z INFO [Migration] No migration needed
2025-12-04T14:06:22.742Z INFO [TabsManager] First file opened, triggering split view
2025-12-04T14:06:22.743Z INFO [MainProvider] First file opened, creating split view
2025-12-04T14:06:30.106Z INFO [TabsManager] First file opened, triggering split view
2025-12-04T14:06:30.107Z INFO [MainProvider] First file opened, creating split view
2025-12-04T17:12:02.032Z INFO Closing entire Pythagora extension...
2025-12-04T17:12:02.067Z ERROR Error closing extension
Error: Canceled
Stack: Canceled: Canceled
	at new ij (file:///c:/Users/Aditya%20Mishra/AppData/Local/Programs/Microsoft%20VS%20Code/resources/app/out/vs/workbench/api/node/extensionHostProcess.js:29:120021)
	at JS.U (file:///c:/Users/Aditya%20Mishra/AppData/Local/Programs/Microsoft%20VS%20Code/resources/app/out/vs/workbench/api/node/extensionHostProcess.js:29:124631)
	at s.<computed>.n.charCodeAt.s.<computed> (file:///c:/Users/Aditya%20Mishra/AppData/Local/Programs/Microsoft%20VS%20Code/resources/app/out/vs/workbench/api/node/extensionHostProcess.js:29:122125)
	at Zy.g (file:///c:/Users/Aditya%20Mishra/AppData/Local/Programs/Microsoft%20VS%20Code/resources/app/out/vs/workbench/api/node/extensionHostProcess.js:114:41133)
	at Zy.executeCommand (file:///c:/Users/Aditya%20Mishra/AppData/Local/Programs/Microsoft%20VS%20Code/resources/app/out/vs/workbench/api/node/extensionHostProcess.js:114:40637)
	at Object.executeCommand (file:///c:/Users/Aditya%20Mishra/AppData/Local/Programs/Microsoft%20VS%20Code/resources/app/out/vs/workbench/api/node/extensionHostProcess.js:210:101000)
	at closeEntirePythagoraExtension (c:\Users\Aditya Mishra\.vscode\extensions\pythagoratechnologies.pythagora-vs-code-2.6.10\out\extension.js:560:31)
	at Object.deactivate (c:\Users\Aditya Mishra\.vscode\extensions\pythagoratechnologies.pythagora-vs-code-2.6.10\out\extension.js:427:15)
	at kX.eb (file:///c:/Users/Aditya%20Mishra/AppData/Local/Programs/Microsoft%20VS%20Code/resources/app/out/vs/workbench/api/node/extensionHostProcess.js:118:11850)
	at file:///c:/Users/Aditya%20Mishra/AppData/Local/Programs/Microsoft%20VS%20Code/resources/app/out/vs/workbench/api/node/extensionHostProcess.js:118:10000
	at Array.map (<anonymous>)
	at kX.$ (file:///c:/Users/Aditya%20Mishra/AppData/Local/Programs/Microsoft%20VS%20Code/resources/app/out/vs/workbench/api/node/extensionHostProcess.js:118:9988)
	at kX.terminate (file:///c:/Users/Aditya%20Mishra/AppData/Local/Programs/Microsoft%20VS%20Code/resources/app/out/vs/workbench/api/node/extensionHostProcess.js:118:10231)
	at nN.terminate (file:///c:/Users/Aditya%20Mishra/AppData/Local/Programs/Microsoft%20VS%20Code/resources/app/out/vs/workbench/api/node/extensionHostProcess.js:120:914)
	at Fs (file:///c:/Users/Aditya%20Mishra/AppData/Local/Programs/Microsoft%20VS%20Code/resources/app/out/vs/workbench/api/node/extensionHostProcess.js:402:10411)
	at MessagePortMain.<anonymous> (file:///c:/Users/Aditya%20Mishra/AppData/Local/Programs/Microsoft%20VS%20Code/resources/app/out/vs/workbench/api/node/extensionHostProcess.js:402:6949)
	at MessagePortMain.emit (node:events:519:28)
	at MessagePortMain._internalPort.emit (node:electron/js2c/utility_init:2:2949)
Extra context: {
  "message": "Canceled"
}
2025-12-06T10:11:18.727Z INFO SharedStateManager initialized
2025-12-06T10:11:18.728Z INFO Is remote: false
2025-12-06T10:11:18.729Z INFO Starting Local. Installation path: c:\
2025-12-06T10:11:18.730Z INFO [MainProvider] Creating new MainProvider instance...
2025-12-06T10:11:18.732Z INFO [TabsManager] Code view listener set up at initialization
2025-12-06T10:11:18.733Z INFO Installation path exists: c:\
2025-12-06T10:11:18.735Z INFO Initializing database with URL: file:c:\pythagora-core\data\database\pythagora.db
2025-12-06T10:11:18.740Z INFO Database file exists, skipping prisma generate/push for faster startup
2025-12-06T10:11:18.740Z INFO Database initialized successfully
2025-12-06T10:11:18.741Z INFO [Migration] Checking for database migration...
2025-12-06T10:11:18.871Z INFO [Migration] No migration needed
2025-12-06T10:11:20.107Z INFO Closing entire Pythagora extension...
2025-12-06T10:11:20.114Z ERROR Error closing extension
Error: Canceled
Stack: Canceled: Canceled
	at new ij (file:///c:/Users/Aditya%20Mishra/AppData/Local/Programs/Microsoft%20VS%20Code/resources/app/out/vs/workbench/api/node/extensionHostProcess.js:29:120021)
	at JS.U (file:///c:/Users/Aditya%20Mishra/AppData/Local/Programs/Microsoft%20VS%20Code/resources/app/out/vs/workbench/api/node/extensionHostProcess.js:29:124631)
	at s.<computed>.n.charCodeAt.s.<computed> (file:///c:/Users/Aditya%20Mishra/AppData/Local/Programs/Microsoft%20VS%20Code/resources/app/out/vs/workbench/api/node/extensionHostProcess.js:29:122125)
	at Zy.g (file:///c:/Users/Aditya%20Mishra/AppData/Local/Programs/Microsoft%20VS%20Code/resources/app/out/vs/workbench/api/node/extensionHostProcess.js:114:41133)
	at Zy.executeCommand (file:///c:/Users/Aditya%20Mishra/AppData/Local/Programs/Microsoft%20VS%20Code/resources/app/out/vs/workbench/api/node/extensionHostProcess.js:114:40637)
	at Object.executeCommand (file:///c:/Users/Aditya%20Mishra/AppData/Local/Programs/Microsoft%20VS%20Code/resources/app/out/vs/workbench/api/node/extensionHostProcess.js:210:101000)
	at closeEntirePythagoraExtension (c:\Users\Aditya Mishra\.vscode\extensions\pythagoratechnologies.pythagora-vs-code-2.6.15\out\extension.js:560:31)
	at Object.deactivate (c:\Users\Aditya Mishra\.vscode\extensions\pythagoratechnologies.pythagora-vs-code-2.6.15\out\extension.js:427:15)
	at kX.eb (file:///c:/Users/Aditya%20Mishra/AppData/Local/Programs/Microsoft%20VS%20Code/resources/app/out/vs/workbench/api/node/extensionHostProcess.js:118:11850)
	at file:///c:/Users/Aditya%20Mishra/AppData/Local/Programs/Microsoft%20VS%20Code/resources/app/out/vs/workbench/api/node/extensionHostProcess.js:118:10000
	at Array.map (<anonymous>)
	at kX.$ (file:///c:/Users/Aditya%20Mishra/AppData/Local/Programs/Microsoft%20VS%20Code/resources/app/out/vs/workbench/api/node/extensionHostProcess.js:118:9988)
	at kX.terminate (file:///c:/Users/Aditya%20Mishra/AppData/Local/Programs/Microsoft%20VS%20Code/resources/app/out/vs/workbench/api/node/extensionHostProcess.js:118:10231)
	at nN.terminate (file:///c:/Users/Aditya%20Mishra/AppData/Local/Programs/Microsoft%20VS%20Code/resources/app/out/vs/workbench/api/node/extensionHostProcess.js:120:914)
	at Fs (file:///c:/Users/Aditya%20Mishra/AppData/Local/Programs/Microsoft%20VS%20Code/resources/app/out/vs/workbench/api/node/extensionHostProcess.js:402:10411)
	at MessagePortMain.<anonymous> (file:///c:/Users/Aditya%20Mishra/AppData/Local/Programs/Microsoft%20VS%20Code/resources/app/out/vs/workbench/api/node/extensionHostProcess.js:402:6949)
	at MessagePortMain.emit (node:events:519:28)
	at MessagePortMain._internalPort.emit (node:electron/js2c/utility_init:2:2949)
Extra context: {
  "message": "Canceled"
}
2025-12-06T15:30:10.479Z INFO SharedStateManager initialized
2025-12-06T15:30:10.480Z INFO Is remote: false
2025-12-06T15:30:10.481Z INFO Starting Local. Installation path: c:\
2025-12-06T15:30:10.482Z INFO [MainProvider] Creating new MainProvider instance...
2025-12-06T15:30:10.483Z INFO [TabsManager] Code view listener set up at initialization
2025-12-06T15:30:10.485Z INFO Installation path exists: c:\
2025-12-06T15:30:10.486Z INFO Initializing database with URL: file:c:\pythagora-core\data\database\pythagora.db
2025-12-06T15:30:10.491Z INFO Database file exists, skipping prisma generate/push for faster startup
2025-12-06T15:30:10.492Z INFO Database initialized successfully
2025-12-06T15:30:10.493Z INFO [Migration] Checking for database migration...
2025-12-06T15:30:10.576Z INFO [Migration] No migration needed
2025-12-06T15:30:11.516Z INFO [TabsManager] First file opened, triggering split view
2025-12-06T15:30:11.517Z INFO [MainProvider] First file opened, creating split view
2025-12-06T15:30:23.583Z INFO [TabsManager] First file opened, triggering split view
2025-12-06T15:30:23.583Z INFO [MainProvider] First file opened, creating split view
2025-12-06T15:36:44.634Z INFO Closing entire Pythagora extension...
2025-12-06T15:36:44.643Z ERROR Error closing extension
Error: Canceled
Stack: Canceled: Canceled
	at new ij (file:///c:/Users/Aditya%20Mishra/AppData/Local/Programs/Microsoft%20VS%20Code/resources/app/out/vs/workbench/api/node/extensionHostProcess.js:29:120021)
	at JS.U (file:///c:/Users/Aditya%20Mishra/AppData/Local/Programs/Microsoft%20VS%20Code/resources/app/out/vs/workbench/api/node/extensionHostProcess.js:29:124631)
	at s.<computed>.n.charCodeAt.s.<computed> (file:///c:/Users/Aditya%20Mishra/AppData/Local/Programs/Microsoft%20VS%20Code/resources/app/out/vs/workbench/api/node/extensionHostProcess.js:29:122125)
	at Zy.g (file:///c:/Users/Aditya%20Mishra/AppData/Local/Programs/Microsoft%20VS%20Code/resources/app/out/vs/workbench/api/node/extensionHostProcess.js:114:41133)
	at Zy.executeCommand (file:///c:/Users/Aditya%20Mishra/AppData/Local/Programs/Microsoft%20VS%20Code/resources/app/out/vs/workbench/api/node/extensionHostProcess.js:114:40637)
	at Object.executeCommand (file:///c:/Users/Aditya%20Mishra/AppData/Local/Programs/Microsoft%20VS%20Code/resources/app/out/vs/workbench/api/node/extensionHostProcess.js:210:101000)
	at closeEntirePythagoraExtension (c:\Users\Aditya Mishra\.vscode\extensions\pythagoratechnologies.pythagora-vs-code-2.6.15\out\extension.js:560:31)
	at Object.deactivate (c:\Users\Aditya Mishra\.vscode\extensions\pythagoratechnologies.pythagora-vs-code-2.6.15\out\extension.js:427:15)
	at kX.eb (file:///c:/Users/Aditya%20Mishra/AppData/Local/Programs/Microsoft%20VS%20Code/resources/app/out/vs/workbench/api/node/extensionHostProcess.js:118:11850)
	at file:///c:/Users/Aditya%20Mishra/AppData/Local/Programs/Microsoft%20VS%20Code/resources/app/out/vs/workbench/api/node/extensionHostProcess.js:118:10000
	at Array.map (<anonymous>)
	at kX.$ (file:///c:/Users/Aditya%20Mishra/AppData/Local/Programs/Microsoft%20VS%20Code/resources/app/out/vs/workbench/api/node/extensionHostProcess.js:118:9988)
	at kX.terminate (file:///c:/Users/Aditya%20Mishra/AppData/Local/Programs/Microsoft%20VS%20Code/resources/app/out/vs/workbench/api/node/extensionHostProcess.js:118:10231)
	at nN.terminate (file:///c:/Users/Aditya%20Mishra/AppData/Local/Programs/Microsoft%20VS%20Code/resources/app/out/vs/workbench/api/node/extensionHostProcess.js:120:914)
	at Fs (file:///c:/Users/Aditya%20Mishra/AppData/Local/Programs/Microsoft%20VS%20Code/resources/app/out/vs/workbench/api/node/extensionHostProcess.js:402:10411)
	at MessagePortMain.<anonymous> (file:///c:/Users/Aditya%20Mishra/AppData/Local/Programs/Microsoft%20VS%20Code/resources/app/out/vs/workbench/api/node/extensionHostProcess.js:402:6949)
	at MessagePortMain.emit (node:events:519:28)
	at MessagePortMain._internalPort.emit (node:electron/js2c/utility_init:2:2949)
Extra context: {
  "message": "Canceled"
}
2025-12-18T11:37:59.700Z INFO SharedStateManager initialized
2025-12-18T11:37:59.702Z INFO Is remote: false
2025-12-18T11:37:59.703Z INFO Starting Local. Installation path: c:\
2025-12-18T11:37:59.705Z INFO [MainProvider] Creating new MainProvider instance...
2025-12-18T11:37:59.708Z INFO [TabsManager] Code view listener set up at initialization
2025-12-18T11:37:59.710Z INFO Installation path exists: c:\
2025-12-18T11:37:59.711Z INFO Initializing database with URL: file:c:\pythagora-core\data\database\pythagora.db
2025-12-18T11:37:59.720Z INFO Database file exists, skipping prisma generate/push for faster startup
2025-12-18T11:37:59.721Z INFO Database initialized successfully
2025-12-18T11:37:59.723Z INFO [Migration] Checking for database migration...
2025-12-18T11:38:00.001Z INFO [Migration] No migration needed
